<?xml version="1.0" encoding="UTF-8"?>
<testsuite name="MutationTest" tests="1" skipped="0" failures="0" errors="0" timestamp="2020-08-24T19:11:37" hostname="ARIK-X1" time="1.383">
  <properties/>
  <testcase name="executeAddSpeaker()" classname="MutationTest" time="1.383"/>
  <system-out><![CDATA[ConnectionID:1 ClientConnectionId: 4e907473-5a1f-42d7-9e69-853f663e7f6d
]]></system-out>
  <system-err><![CDATA[]]></system-err>
</testsuite>
