<?xml version="1.0" encoding="UTF-8"?>
<testsuite name="SubscriptionTest" tests="1" skipped="0" failures="0" errors="0" timestamp="2020-08-29T17:49:29" hostname="ARIK-X1" time="1.875">
  <properties/>
  <testcase name="executeSubscription()" classname="SubscriptionTest" time="1.875"/>
  <system-out><![CDATA[#####Data{talkScores=TalkScores{__typename=Score, title=great talk, score=1}}#####
]]></system-out>
  <system-err><![CDATA[]]></system-err>
</testsuite>
